# JRE version: OpenJDK Runtime Environment (8.0_171-b11) (build 1.8.0_171-8u171-b11-0ubuntu0.17.10.1-b11)
# Java VM: OpenJDK 64-Bit Server VM (25.171-b11 mixed mode linux-amd64 compressed oops)
Heap:
 PSYoungGen      total 1085440K, used 8187K [0x000000076d100000, 0x00000007b0200000, 0x00000007c0000000)
  eden space 1077248K, 0% used [0x000000076d100000,0x000000076d100000,0x00000007aed00000)
  from space 8192K, 99% used [0x00000007aed00000,0x00000007af4fee80,0x00000007af500000)
  to   space 7680K, 0% used [0x00000007af500000,0x00000007af500000,0x00000007afc80000)
 ParOldGen       total 151552K, used 28212K [0x00000006c7200000, 0x00000006d0600000, 0x000000076d100000)
  object space 151552K, 18% used [0x00000006c7200000,0x00000006c8d8d050,0x00000006d0600000)
 Metaspace       used 40302K, capacity 40726K, committed 41128K, reserved 1085440K
  class space    used 4854K, capacity 4989K, committed 5032K, reserved 1048576K
GC Heap History (10 events):
Event: 11.851 GC heap after
Heap after GC invocations=14 (full 1):
 PSYoungGen      total 569856K, used 2914K [0x000000076d100000, 0x000000079e100000, 0x00000007c0000000)
  eden space 564736K, 0% used [0x000000076d100000,0x000000076d100000,0x000000078f880000)
  from space 5120K, 56% used [0x000000078f880000,0x000000078fb589a0,0x000000078fd80000)
  to   space 5120K, 0% used [0x000000079dc00000,0x000000079dc00000,0x000000079e100000)
 ParOldGen       total 96768K, used 10359K [0x00000006c7200000, 0x00000006cd080000, 0x000000076d100000)
  object space 96768K, 10% used [0x00000006c7200000,0x00000006c7c1dfc0,0x00000006cd080000)
 Metaspace       used 25656K, capacity 25966K, committed 26288K, reserved 1073152K
  class space    used 3104K, capacity 3221K, committed 3248K, reserved 1048576K
}
Event: 13.402 GC heap before
{Heap before GC invocations=15 (full 1):
 PSYoungGen      total 569856K, used 567650K [0x000000076d100000, 0x000000079e100000, 0x00000007c0000000)
  eden space 564736K, 100% used [0x000000076d100000,0x000000078f880000,0x000000078f880000)
  from space 5120K, 56% used [0x000000078f880000,0x000000078fb589a0,0x000000078fd80000)
  to   space 5120K, 0% used [0x000000079dc00000,0x000000079dc00000,0x000000079e100000)
 ParOldGen       total 96768K, used 10359K [0x00000006c7200000, 0x00000006cd080000, 0x000000076d100000)
  object space 96768K, 10% used [0x00000006c7200000,0x00000006c7c1dfc0,0x00000006cd080000)
 Metaspace       used 28046K, capacity 28436K, committed 28720K, reserved 1075200K
  class space    used 3452K, capacity 3558K, committed 3632K, reserved 1048576K
Event: 13.429 GC heap after
Heap after GC invocations=15 (full 1):
 PSYoungGen      total 795136K, used 5036K [0x000000076d100000, 0x000000079e100000, 0x00000007c0000000)
  eden space 790016K, 0% used [0x000000076d100000,0x000000076d100000,0x000000079d480000)
  from space 5120K, 98% used [0x000000079dc00000,0x000000079e0eb0f0,0x000000079e100000)
  to   space 5632K, 0% used [0x000000079d600000,0x000000079d600000,0x000000079db80000)
 ParOldGen       total 96768K, used 11683K [0x00000006c7200000, 0x00000006cd080000, 0x000000076d100000)
  object space 96768K, 12% used [0x00000006c7200000,0x00000006c7d68fd0,0x00000006cd080000)
 Metaspace       used 28046K, capacity 28436K, committed 28720K, reserved 1075200K
  class space    used 3452K, capacity 3558K, committed 3632K, reserved 1048576K
}
Event: 25.335 GC heap before
{Heap before GC invocations=16 (full 1):
 PSYoungGen      total 795136K, used 795052K [0x000000076d100000, 0x000000079e100000, 0x00000007c0000000)
  eden space 790016K, 100% used [0x000000076d100000,0x000000079d480000,0x000000079d480000)
  from space 5120K, 98% used [0x000000079dc00000,0x000000079e0eb0f0,0x000000079e100000)
  to   space 5632K, 0% used [0x000000079d600000,0x000000079d600000,0x000000079db80000)
 ParOldGen       total 96768K, used 11683K [0x00000006c7200000, 0x00000006cd080000, 0x000000076d100000)
  object space 96768K, 12% used [0x00000006c7200000,0x00000006c7d68fd0,0x00000006cd080000)
 Metaspace       used 33479K, capacity 33876K, committed 34224K, reserved 1079296K
  class space    used 4126K, capacity 4246K, committed 4272K, reserved 1048576K
Event: 25.363 GC heap after
Heap after GC invocations=16 (full 1):
 PSYoungGen      total 797184K, used 5622K [0x000000076d100000, 0x00000007afc80000, 0x00000007c0000000)
  eden space 791552K, 0% used [0x000000076d100000,0x000000076d100000,0x000000079d600000)
  from space 5632K, 99% used [0x000000079d600000,0x000000079db7d9a8,0x000000079db80000)
  to   space 7680K, 0% used [0x00000007af500000,0x00000007af500000,0x00000007afc80000)
 ParOldGen       total 96768K, used 15777K [0x00000006c7200000, 0x00000006cd080000, 0x000000076d100000)
  object space 96768K, 16% used [0x00000006c7200000,0x00000006c8168580,0x00000006cd080000)
 Metaspace       used 33479K, capacity 33876K, committed 34224K, reserved 1079296K
  class space    used 4126K, capacity 4246K, committed 4272K, reserved 1048576K
}
Event: 27.814 GC heap before
{Heap before GC invocations=17 (full 1):
 PSYoungGen      total 797184K, used 438872K [0x000000076d100000, 0x00000007afc80000, 0x00000007c0000000)
  eden space 791552K, 54% used [0x000000076d100000,0x0000000787818a30,0x000000079d600000)
  from space 5632K, 99% used [0x000000079d600000,0x000000079db7d9a8,0x000000079db80000)
  to   space 7680K, 0% used [0x00000007af500000,0x00000007af500000,0x00000007afc80000)
 ParOldGen       total 96768K, used 15777K [0x00000006c7200000, 0x00000006cd080000, 0x000000076d100000)
  object space 96768K, 16% used [0x00000006c7200000,0x00000006c8168580,0x00000006cd080000)
 Metaspace       used 34852K, capacity 35264K, committed 35496K, reserved 1081344K
  class space    used 4264K, capacity 4408K, committed 4520K, reserved 1048576K
Event: 27.856 GC heap after
Heap after GC invocations=17 (full 1):
 PSYoungGen      total 1084928K, used 5779K [0x000000076d100000, 0x00000007b0200000, 0x00000007c0000000)
  eden space 1077248K, 0% used [0x000000076d100000,0x000000076d100000,0x00000007aed00000)
  from space 7680K, 75% used [0x00000007af500000,0x00000007afaa4c60,0x00000007afc80000)
  to   space 8192K, 0% used [0x00000007aed00000,0x00000007aed00000,0x00000007af500000)
 ParOldGen       total 96768K, used 20097K [0x00000006c7200000, 0x00000006cd080000, 0x000000076d100000)
  object space 96768K, 20% used [0x00000006c7200000,0x00000006c85a05f0,0x00000006cd080000)
 Metaspace       used 34852K, capacity 35264K, committed 35496K, reserved 1081344K
  class space    used 4264K, capacity 4408K, committed 4520K, reserved 1048576K
}
Event: 27.856 GC heap before
{Heap before GC invocations=18 (full 2):
 PSYoungGen      total 1084928K, used 5779K [0x000000076d100000, 0x00000007b0200000, 0x00000007c0000000)
  eden space 1077248K, 0% used [0x000000076d100000,0x000000076d100000,0x00000007aed00000)
  from space 7680K, 75% used [0x00000007af500000,0x00000007afaa4c60,0x00000007afc80000)
  to   space 8192K, 0% used [0x00000007aed00000,0x00000007aed00000,0x00000007af500000)
 ParOldGen       total 96768K, used 20097K [0x00000006c7200000, 0x00000006cd080000, 0x000000076d100000)
  object space 96768K, 20% used [0x00000006c7200000,0x00000006c85a05f0,0x00000006cd080000)
 Metaspace       used 34852K, capacity 35264K, committed 35496K, reserved 1081344K
  class space    used 4264K, capacity 4408K, committed 4520K, reserved 1048576K
Event: 28.160 GC heap after
Heap after GC invocations=18 (full 2):
 PSYoungGen      total 1084928K, used 0K [0x000000076d100000, 0x00000007b0200000, 0x00000007c0000000)
  eden space 1077248K, 0% used [0x000000076d100000,0x000000076d100000,0x00000007aed00000)
  from space 7680K, 0% used [0x00000007af500000,0x00000007af500000,0x00000007afc80000)
  to   space 8192K, 0% used [0x00000007aed00000,0x00000007aed00000,0x00000007af500000)
 ParOldGen       total 151552K, used 20260K [0x00000006c7200000, 0x00000006d0600000, 0x000000076d100000)
  object space 151552K, 13% used [0x00000006c7200000,0x00000006c85c91b0,0x00000006d0600000)
 Metaspace       used 34852K, capacity 35264K, committed 35496K, reserved 1081344K
  class space    used 4264K, capacity 4408K, committed 4520K, reserved 1048576K
}
Event: 34.990 GC heap before
{Heap before GC invocations=19 (full 2):
 PSYoungGen      total 1084928K, used 1077248K [0x000000076d100000, 0x00000007b0200000, 0x00000007c0000000)
  eden space 1077248K, 100% used [0x000000076d100000,0x00000007aed00000,0x00000007aed00000)
  from space 7680K, 0% used [0x00000007af500000,0x00000007af500000,0x00000007afc80000)
  to   space 8192K, 0% used [0x00000007aed00000,0x00000007aed00000,0x00000007af500000)
 ParOldGen       total 151552K, used 20260K [0x00000006c7200000, 0x00000006d0600000, 0x000000076d100000)
  object space 151552K, 13% used [0x00000006c7200000,0x00000006c85c91b0,0x00000006d0600000)
 Metaspace       used 40302K, capacity 40726K, committed 41128K, reserved 1085440K
  class space    used 4854K, capacity 4989K, committed 5032K, reserved 1048576K

