# JRE version: OpenJDK Runtime Environment (8.0_171-b11) (build 1.8.0_171-8u171-b11-0ubuntu0.17.10.1-b11)
# Java VM: OpenJDK 64-Bit Server VM (25.171-b11 mixed mode linux-amd64 compressed oops)
Heap:
 PSYoungGen      total 986624K, used 8588K [0x000000076d100000, 0x00000007b1880000, 0x00000007c0000000)
  eden space 977920K, 0% used [0x000000076d100000,0x000000076d100000,0x00000007a8c00000)
  from space 8704K, 98% used [0x00000007a8c00000,0x00000007a9463188,0x00000007a9480000)
  to   space 6656K, 0% used [0x00000007a9480000,0x00000007a9480000,0x00000007a9b00000)
 ParOldGen       total 91136K, used 15344K [0x00000006c7200000, 0x00000006ccb00000, 0x000000076d100000)
  object space 91136K, 16% used [0x00000006c7200000,0x00000006c80fc208,0x00000006ccb00000)
 Metaspace       used 34312K, capacity 34784K, committed 35072K, reserved 1079296K
  class space    used 4212K, capacity 4312K, committed 4352K, reserved 1048576K
GC Heap History (10 events):
Event: 6.777 GC heap after
Heap after GC invocations=9 (full 0):
 PSYoungGen      total 522240K, used 3488K [0x000000076d100000, 0x00000007a0400000, 0x00000007c0000000)
  eden space 515584K, 0% used [0x000000076d100000,0x000000076d100000,0x000000078c880000)
  from space 6656K, 52% used [0x000000078c880000,0x000000078cbe8020,0x000000078cf00000)
  to   space 6656K, 0% used [0x000000079fd80000,0x000000079fd80000,0x00000007a0400000)
 ParOldGen       total 171008K, used 3750K [0x00000006c7200000, 0x00000006d1900000, 0x000000076d100000)
  object space 171008K, 2% used [0x00000006c7200000,0x00000006c75a9b38,0x00000006d1900000)
 Metaspace       used 20935K, capacity 21160K, committed 21248K, reserved 1069056K
  class space    used 2477K, capacity 2532K, committed 2560K, reserved 1048576K
}
Event: 6.777 GC heap before
{Heap before GC invocations=10 (full 1):
 PSYoungGen      total 522240K, used 3488K [0x000000076d100000, 0x00000007a0400000, 0x00000007c0000000)
  eden space 515584K, 0% used [0x000000076d100000,0x000000076d100000,0x000000078c880000)
  from space 6656K, 52% used [0x000000078c880000,0x000000078cbe8020,0x000000078cf00000)
  to   space 6656K, 0% used [0x000000079fd80000,0x000000079fd80000,0x00000007a0400000)
 ParOldGen       total 171008K, used 3750K [0x00000006c7200000, 0x00000006d1900000, 0x000000076d100000)
  object space 171008K, 2% used [0x00000006c7200000,0x00000006c75a9b38,0x00000006d1900000)
 Metaspace       used 20935K, capacity 21160K, committed 21248K, reserved 1069056K
  class space    used 2477K, capacity 2532K, committed 2560K, reserved 1048576K
Event: 6.854 GC heap after
Heap after GC invocations=10 (full 1):
 PSYoungGen      total 522240K, used 0K [0x000000076d100000, 0x00000007a0400000, 0x00000007c0000000)
  eden space 515584K, 0% used [0x000000076d100000,0x000000076d100000,0x000000078c880000)
  from space 6656K, 0% used [0x000000078c880000,0x000000078c880000,0x000000078cf00000)
  to   space 6656K, 0% used [0x000000079fd80000,0x000000079fd80000,0x00000007a0400000)
 ParOldGen       total 91136K, used 6118K [0x00000006c7200000, 0x00000006ccb00000, 0x000000076d100000)
  object space 91136K, 6% used [0x00000006c7200000,0x00000006c77f9878,0x00000006ccb00000)
 Metaspace       used 20935K, capacity 21160K, committed 21248K, reserved 1069056K
  class space    used 2477K, capacity 2532K, committed 2560K, reserved 1048576K
}
Event: 9.681 GC heap before
{Heap before GC invocations=11 (full 1):
 PSYoungGen      total 522240K, used 515584K [0x000000076d100000, 0x00000007a0400000, 0x00000007c0000000)
  eden space 515584K, 100% used [0x000000076d100000,0x000000078c880000,0x000000078c880000)
  from space 6656K, 0% used [0x000000078c880000,0x000000078c880000,0x000000078cf00000)
  to   space 6656K, 0% used [0x000000079fd80000,0x000000079fd80000,0x00000007a0400000)
 ParOldGen       total 91136K, used 6118K [0x00000006c7200000, 0x00000006ccb00000, 0x000000076d100000)
  object space 91136K, 6% used [0x00000006c7200000,0x00000006c77f9878,0x00000006ccb00000)
 Metaspace       used 24196K, capacity 24510K, committed 24832K, reserved 1071104K
  class space    used 2919K, capacity 3021K, committed 3072K, reserved 1048576K
Event: 9.694 GC heap after
Heap after GC invocations=11 (full 1):
 PSYoungGen      total 723968K, used 4821K [0x000000076d100000, 0x00000007a0280000, 0x00000007c0000000)
  eden space 718848K, 0% used [0x000000076d100000,0x000000076d100000,0x0000000798f00000)
  from space 5120K, 94% used [0x000000079fd80000,0x00000007a0235418,0x00000007a0280000)
  to   space 6656K, 0% used [0x000000079f580000,0x000000079f580000,0x000000079fc00000)
 ParOldGen       total 91136K, used 6126K [0x00000006c7200000, 0x00000006ccb00000, 0x000000076d100000)
  object space 91136K, 6% used [0x00000006c7200000,0x00000006c77fb878,0x00000006ccb00000)
 Metaspace       used 24196K, capacity 24510K, committed 24832K, reserved 1071104K
  class space    used 2919K, capacity 3021K, committed 3072K, reserved 1048576K
}
Event: 12.652 GC heap before
{Heap before GC invocations=12 (full 1):
 PSYoungGen      total 723968K, used 723669K [0x000000076d100000, 0x00000007a0280000, 0x00000007c0000000)
  eden space 718848K, 100% used [0x000000076d100000,0x0000000798f00000,0x0000000798f00000)
  from space 5120K, 94% used [0x000000079fd80000,0x00000007a0235418,0x00000007a0280000)
  to   space 6656K, 0% used [0x000000079f580000,0x000000079f580000,0x000000079fc00000)
 ParOldGen       total 91136K, used 6126K [0x00000006c7200000, 0x00000006ccb00000, 0x000000076d100000)
  object space 91136K, 6% used [0x00000006c7200000,0x00000006c77fb878,0x00000006ccb00000)
 Metaspace       used 25538K, capacity 25870K, committed 25984K, reserved 1073152K
  class space    used 3094K, capacity 3189K, committed 3200K, reserved 1048576K
Event: 12.667 GC heap after
Heap after GC invocations=12 (full 1):
 PSYoungGen      total 830464K, used 4276K [0x000000076d100000, 0x00000007a9b00000, 0x00000007c0000000)
  eden space 823808K, 0% used [0x000000076d100000,0x000000076d100000,0x000000079f580000)
  from space 6656K, 64% used [0x000000079f580000,0x000000079f9ad190,0x000000079fc00000)
  to   space 6656K, 0% used [0x00000007a9480000,0x00000007a9480000,0x00000007a9b00000)
 ParOldGen       total 91136K, used 8338K [0x00000006c7200000, 0x00000006ccb00000, 0x000000076d100000)
  object space 91136K, 9% used [0x00000006c7200000,0x00000006c7a248a8,0x00000006ccb00000)
 Metaspace       used 25538K, capacity 25870K, committed 25984K, reserved 1073152K
  class space    used 3094K, capacity 3189K, committed 3200K, reserved 1048576K
}
Event: 16.978 GC heap before
{Heap before GC invocations=13 (full 1):
 PSYoungGen      total 830464K, used 828084K [0x000000076d100000, 0x00000007a9b00000, 0x00000007c0000000)
  eden space 823808K, 100% used [0x000000076d100000,0x000000079f580000,0x000000079f580000)
  from space 6656K, 64% used [0x000000079f580000,0x000000079f9ad190,0x000000079fc00000)
  to   space 6656K, 0% used [0x00000007a9480000,0x00000007a9480000,0x00000007a9b00000)
 ParOldGen       total 91136K, used 8338K [0x00000006c7200000, 0x00000006ccb00000, 0x000000076d100000)
  object space 91136K, 9% used [0x00000006c7200000,0x00000006c7a248a8,0x00000006ccb00000)
 Metaspace       used 29929K, capacity 30354K, committed 30464K, reserved 1075200K
  class space    used 3667K, capacity 3787K, committed 3840K, reserved 1048576K
Event: 17.009 GC heap after
Heap after GC invocations=13 (full 1):
 PSYoungGen      total 984576K, used 6639K [0x000000076d100000, 0x00000007b1880000, 0x00000007c0000000)
  eden space 977920K, 0% used [0x000000076d100000,0x000000076d100000,0x00000007a8c00000)
  from space 6656K, 99% used [0x00000007a9480000,0x00000007a9afbe18,0x00000007a9b00000)
  to   space 8704K, 0% used [0x00000007a8c00000,0x00000007a8c00000,0x00000007a9480000)
 ParOldGen       total 91136K, used 11568K [0x00000006c7200000, 0x00000006ccb00000, 0x000000076d100000)
  object space 91136K, 12% used [0x00000006c7200000,0x00000006c7d4c1e8,0x00000006ccb00000)
 Metaspace       used 29929K, capacity 30354K, committed 30464K, reserved 1075200K
  class space    used 3667K, capacity 3787K, committed 3840K, reserved 1048576K
}
Event: 23.106 GC heap before
{Heap before GC invocations=14 (full 1):
 PSYoungGen      total 984576K, used 984559K [0x000000076d100000, 0x00000007b1880000, 0x00000007c0000000)
  eden space 977920K, 100% used [0x000000076d100000,0x00000007a8c00000,0x00000007a8c00000)
  from space 6656K, 99% used [0x00000007a9480000,0x00000007a9afbe18,0x00000007a9b00000)
  to   space 8704K, 0% used [0x00000007a8c00000,0x00000007a8c00000,0x00000007a9480000)
 ParOldGen       total 91136K, used 11568K [0x00000006c7200000, 0x00000006ccb00000, 0x000000076d100000)
  object space 91136K, 12% used [0x00000006c7200000,0x00000006c7d4c1e8,0x00000006ccb00000)
 Metaspace       used 34312K, capacity 34784K, committed 35072K, reserved 1079296K
  class space    used 4212K, capacity 4312K, committed 4352K, reserved 1048576K

