# JRE version: OpenJDK Runtime Environment (8.0_171-b11) (build 1.8.0_171-8u171-b11-0ubuntu0.17.10.1-b11)
# Java VM: OpenJDK 64-Bit Server VM (25.171-b11 mixed mode linux-amd64 compressed oops)
Heap:
 PSYoungGen      total 941568K, used 6624K [0x000000076d100000, 0x00000007b0480000, 0x00000007c0000000)
  eden space 934912K, 0% used [0x000000076d100000,0x000000076d100000,0x00000007a6200000)
  from space 6656K, 99% used [0x00000007a6200000,0x00000007a6878080,0x00000007a6880000)
  to   space 6144K, 0% used [0x00000007a6880000,0x00000007a6880000,0x00000007a6e80000)
 ParOldGen       total 96256K, used 18591K [0x00000006c7200000, 0x00000006cd000000, 0x000000076d100000)
  object space 96256K, 19% used [0x00000006c7200000,0x00000006c8427ec0,0x00000006cd000000)
 Metaspace       used 34764K, capacity 35174K, committed 35416K, reserved 1081344K
  class space    used 4286K, capacity 4405K, committed 4480K, reserved 1048576K
GC Heap History (10 events):
Event: 6.872 GC heap after
Heap after GC invocations=9 (full 0):
 PSYoungGen      total 520192K, used 3831K [0x000000076d100000, 0x00000007a0080000, 0x00000007c0000000)
  eden space 514048K, 0% used [0x000000076d100000,0x000000076d100000,0x000000078c700000)
  from space 6144K, 62% used [0x000000078c700000,0x000000078cabde70,0x000000078cd00000)
  to   space 6144K, 0% used [0x000000079fa80000,0x000000079fa80000,0x00000007a0080000)
 ParOldGen       total 171008K, used 3156K [0x00000006c7200000, 0x00000006d1900000, 0x000000076d100000)
  object space 171008K, 1% used [0x00000006c7200000,0x00000006c75151a8,0x00000006d1900000)
 Metaspace       used 20956K, capacity 21202K, committed 21248K, reserved 1069056K
  class space    used 2481K, capacity 2557K, committed 2560K, reserved 1048576K
}
Event: 6.872 GC heap before
{Heap before GC invocations=10 (full 1):
 PSYoungGen      total 520192K, used 3831K [0x000000076d100000, 0x00000007a0080000, 0x00000007c0000000)
  eden space 514048K, 0% used [0x000000076d100000,0x000000076d100000,0x000000078c700000)
  from space 6144K, 62% used [0x000000078c700000,0x000000078cabde70,0x000000078cd00000)
  to   space 6144K, 0% used [0x000000079fa80000,0x000000079fa80000,0x00000007a0080000)
 ParOldGen       total 171008K, used 3156K [0x00000006c7200000, 0x00000006d1900000, 0x000000076d100000)
  object space 171008K, 1% used [0x00000006c7200000,0x00000006c75151a8,0x00000006d1900000)
 Metaspace       used 20956K, capacity 21202K, committed 21248K, reserved 1069056K
  class space    used 2481K, capacity 2557K, committed 2560K, reserved 1048576K
Event: 6.986 GC heap after
Heap after GC invocations=10 (full 1):
 PSYoungGen      total 520192K, used 0K [0x000000076d100000, 0x00000007a0080000, 0x00000007c0000000)
  eden space 514048K, 0% used [0x000000076d100000,0x000000076d100000,0x000000078c700000)
  from space 6144K, 0% used [0x000000078c700000,0x000000078c700000,0x000000078cd00000)
  to   space 6144K, 0% used [0x000000079fa80000,0x000000079fa80000,0x00000007a0080000)
 ParOldGen       total 96256K, used 6301K [0x00000006c7200000, 0x00000006cd000000, 0x000000076d100000)
  object space 96256K, 6% used [0x00000006c7200000,0x00000006c78275c8,0x00000006cd000000)
 Metaspace       used 20956K, capacity 21202K, committed 21248K, reserved 1069056K
  class space    used 2481K, capacity 2557K, committed 2560K, reserved 1048576K
}
Event: 9.158 GC heap before
{Heap before GC invocations=11 (full 1):
 PSYoungGen      total 520192K, used 514048K [0x000000076d100000, 0x00000007a0080000, 0x00000007c0000000)
  eden space 514048K, 100% used [0x000000076d100000,0x000000078c700000,0x000000078c700000)
  from space 6144K, 0% used [0x000000078c700000,0x000000078c700000,0x000000078cd00000)
  to   space 6144K, 0% used [0x000000079fa80000,0x000000079fa80000,0x00000007a0080000)
 ParOldGen       total 96256K, used 6301K [0x00000006c7200000, 0x00000006cd000000, 0x000000076d100000)
  object space 96256K, 6% used [0x00000006c7200000,0x00000006c78275c8,0x00000006cd000000)
 Metaspace       used 24122K, capacity 24480K, committed 24576K, reserved 1071104K
  class space    used 2904K, capacity 3028K, committed 3072K, reserved 1048576K
Event: 9.169 GC heap after
Heap after GC invocations=11 (full 1):
 PSYoungGen      total 698368K, used 4731K [0x000000076d100000, 0x000000079ff80000, 0x00000007c0000000)
  eden space 693248K, 0% used [0x000000076d100000,0x000000076d100000,0x0000000797600000)
  from space 5120K, 92% used [0x000000079fa80000,0x000000079ff1eea0,0x000000079ff80000)
  to   space 6144K, 0% used [0x000000079f380000,0x000000079f380000,0x000000079f980000)
 ParOldGen       total 96256K, used 6309K [0x00000006c7200000, 0x00000006cd000000, 0x000000076d100000)
  object space 96256K, 6% used [0x00000006c7200000,0x00000006c78295c8,0x00000006cd000000)
 Metaspace       used 24122K, capacity 24480K, committed 24576K, reserved 1071104K
  class space    used 2904K, capacity 3028K, committed 3072K, reserved 1048576K
}
Event: 10.759 GC heap before
{Heap before GC invocations=12 (full 1):
 PSYoungGen      total 698368K, used 697979K [0x000000076d100000, 0x000000079ff80000, 0x00000007c0000000)
  eden space 693248K, 100% used [0x000000076d100000,0x0000000797600000,0x0000000797600000)
  from space 5120K, 92% used [0x000000079fa80000,0x000000079ff1eea0,0x000000079ff80000)
  to   space 6144K, 0% used [0x000000079f380000,0x000000079f380000,0x000000079f980000)
 ParOldGen       total 96256K, used 6309K [0x00000006c7200000, 0x00000006cd000000, 0x000000076d100000)
  object space 96256K, 6% used [0x00000006c7200000,0x00000006c78295c8,0x00000006cd000000)
 Metaspace       used 25465K, capacity 25834K, committed 25984K, reserved 1073152K
  class space    used 3081K, capacity 3195K, committed 3200K, reserved 1048576K
Event: 10.797 GC heap after
Heap after GC invocations=12 (full 1):
 PSYoungGen      total 827904K, used 4071K [0x000000076d100000, 0x00000007a6e80000, 0x00000007c0000000)
  eden space 821760K, 0% used [0x000000076d100000,0x000000076d100000,0x000000079f380000)
  from space 6144K, 66% used [0x000000079f380000,0x000000079f779dd0,0x000000079f980000)
  to   space 6144K, 0% used [0x00000007a6880000,0x00000007a6880000,0x00000007a6e80000)
 ParOldGen       total 96256K, used 8481K [0x00000006c7200000, 0x00000006cd000000, 0x000000076d100000)
  object space 96256K, 8% used [0x00000006c7200000,0x00000006c7a485f8,0x00000006cd000000)
 Metaspace       used 25465K, capacity 25834K, committed 25984K, reserved 1073152K
  class space    used 3081K, capacity 3195K, committed 3200K, reserved 1048576K
}
Event: 12.998 GC heap before
{Heap before GC invocations=13 (full 1):
 PSYoungGen      total 827904K, used 825831K [0x000000076d100000, 0x00000007a6e80000, 0x00000007c0000000)
  eden space 821760K, 100% used [0x000000076d100000,0x000000079f380000,0x000000079f380000)
  from space 6144K, 66% used [0x000000079f380000,0x000000079f779dd0,0x000000079f980000)
  to   space 6144K, 0% used [0x00000007a6880000,0x00000007a6880000,0x00000007a6e80000)
 ParOldGen       total 96256K, used 8481K [0x00000006c7200000, 0x00000006cd000000, 0x000000076d100000)
  object space 96256K, 8% used [0x00000006c7200000,0x00000006c7a485f8,0x00000006cd000000)
 Metaspace       used 28004K, capacity 28358K, committed 28672K, reserved 1075200K
  class space    used 3452K, capacity 3557K, committed 3584K, reserved 1048576K
Event: 13.017 GC heap after
Heap after GC invocations=13 (full 1):
 PSYoungGen      total 941056K, used 5902K [0x000000076d100000, 0x00000007b0480000, 0x00000007c0000000)
  eden space 934912K, 0% used [0x000000076d100000,0x000000076d100000,0x00000007a6200000)
  from space 6144K, 96% used [0x00000007a6880000,0x00000007a6e439b0,0x00000007a6e80000)
  to   space 6656K, 0% used [0x00000007a6200000,0x00000007a6200000,0x00000007a6880000)
 ParOldGen       total 96256K, used 10329K [0x00000006c7200000, 0x00000006cd000000, 0x000000076d100000)
  object space 96256K, 10% used [0x00000006c7200000,0x00000006c7c16628,0x00000006cd000000)
 Metaspace       used 28004K, capacity 28358K, committed 28672K, reserved 1075200K
  class space    used 3452K, capacity 3557K, committed 3584K, reserved 1048576K
}
Event: 18.624 GC heap before
{Heap before GC invocations=14 (full 1):
 PSYoungGen      total 941056K, used 904417K [0x000000076d100000, 0x00000007b0480000, 0x00000007c0000000)
  eden space 934912K, 96% used [0x000000076d100000,0x00000007a3e74d08,0x00000007a6200000)
  from space 6144K, 96% used [0x00000007a6880000,0x00000007a6e439b0,0x00000007a6e80000)
  to   space 6656K, 0% used [0x00000007a6200000,0x00000007a6200000,0x00000007a6880000)
 ParOldGen       total 96256K, used 10329K [0x00000006c7200000, 0x00000006cd000000, 0x000000076d100000)
  object space 96256K, 10% used [0x00000006c7200000,0x00000006c7c16628,0x00000006cd000000)
 Metaspace       used 34764K, capacity 35174K, committed 35416K, reserved 1081344K
  class space    used 4286K, capacity 4405K, committed 4480K, reserved 1048576K

